Random seed 1, Fold 1
|   iter    |  target   |     C     |
-------------------------------------
| [39m1        [39m | [39m0.5708799[39m | [39m37.454074[39m |
| [39m2        [39m | [39m0.5683816[39m | [39m95.071435[39m |
| [35m3        [39m | [35m0.5750439[39m | [35m73.199420[39m |
| [35m4        [39m | [35m0.5759692[39m | [35m59.865888[39m |
| [35m5        [39m | [35m0.5842972[39m | [35m15.601948[39m |
| [35m6        [39m | [35m0.5848524[39m | [35m15.599536[39m |
| [35m7        [39m | [35m0.5943832[39m | [35m5.8084554[39m |
| [39m8        [39m | [39m0.5755066[39m | [39m86.617627[39m |
| [39m9        [39m | [39m0.5762468[39m | [39m60.111541[39m |
| [39m10       [39m | [39m0.5730082[39m | [39m70.807286[39m |
| [35m11       [39m | [35m0.6058573[39m | [35m2.0585473[39m |
| [39m12       [39m | [39m0.5741186[39m | [39m96.990988[39m |
| [39m13       [39m | [39m0.5743036[39m | [39m83.244280[39m |
| [39m14       [39m | [39m0.5808735[39m | [39m21.233989[39m |
| [39m15       [39m | [39m0.5832793[39m | [39m18.182578[39m |
| [39m16       [39m | [39m0.6055797[39m | [39m2.0935725[39m |
| [35m17       [39m | [35m0.6059498[39m | [35m1.9686371[39m |
| [35m18       [39m | [35m0.6080780[39m | [35m1.8304264[39m |
| [39m19       [39m | [39m0.5766170[39m | [39m33.889408[39m |
| [39m20       [39m | [39m0.5846673[39m | [39m15.376154[39m |
| [39m21       [39m | [39m0.5790228[39m | [39m55.669921[39m |
| [39m22       [39m | [39m0.6078930[39m | [39m1.6925086[39m |
| [35m23       [39m | [35m0.6091884[39m | [35m1.5164545[39m |
| [35m24       [39m | [35m0.6092810[39m | [35m1.3292368[39m |
| [35m25       [39m | [35m0.6112242[39m | [35m1.1136459[39m |
| [35m26       [39m | [35m0.6122420[39m | [35m0.8942777[39m |
| [39m27       [39m | [39m0.5822614[39m | [39m28.155028[39m |
| [35m28       [39m | [35m0.6134449[39m | [35m0.6610109[39m |
| [35m29       [39m | [35m0.6177940[39m | [35m0.4161487[39m |
| [35m30       [39m | [35m0.6193670[39m | [35m0.1792774[39m |
=====================================
Removing feature: Fugu__ALL__pitch_max_NEG. New best score: 0.625936892754696
Removing feature: Fugu__ALL__energy_min_NEG. New best score: 0.6305635236420838
Removing feature: Fugu__ALL__energy_skewness_POS. New best score: 0.6355602850004626
Removing feature: Fugu__ALL__pitch_min_NEG. New best score: 0.6386138613861385
Removing feature: Fugu__ALL__pitch_max_NEU. New best score: 0.6420375682428056
Removing feature: Fugu__ALL__energy_max_POS. New best score: 0.644906079392986
Removing feature: Fugu__ALL__energy_min_POS. New best score: 0.648329786249653
Removing feature: Fugu__ALL__pitch_kurtosis_NEU. New best score: 0.6500879059868603
Removing feature: Fugu__ALL__pitch_skewness_NEU. New best score: 0.652863884519293
Removing feature: Fugu__ALL__pitch_kurtosis_NEG. New best score: 0.6563801239937076
Removing feature: Fugu__ALL__pitch_skewness_NEG. New best score: 0.6591561025261404
Removing feature: Fugu__ALL__pitch_max_POS. New best score: 0.6622096789118164
Removing feature: Fugu__ALL__pitch_min_NEU. New best score: 0.6656333857684834
Removing feature: Fugu__ALL__pitch_min_POS. New best score: 0.6713704080688443
Removing feature: Fugu__ALL__energy_mean_NEG. New best score: 0.6741463866012769
Removing feature: Fugu__ALL__energy_skewness_NEG. New best score: 0.6761821041917275
Removing feature: Fugu__ALL__energy_skewness_NEU. New best score: 0.6817340612565931
Removing feature: Fugu__ALL__pitch_kurtosis_POS. New best score: 0.6847876376422688
Removing feature: Fugu__ALL__pitch_stddev_NEG. New best score: 0.6867308226149718
Removing feature: Fugu__ALL__pitch_stddev_NEU. New best score: 0.6908947904136208
Removing feature: Fugu__ALL__pitch_stddev_POS. New best score: 0.6939483667992967
Removing feature: Fugu__ALL__energy_stddev_NEU. New best score: 0.6965392800962339
Removing feature: Fugu__ALL__energy_stddev_POS. New best score: 0.6970944758027204
Removing feature: Fugu__ALL__energy_max_NEG. New best score: 0.6973720736559638
Removing feature: Fugu__ALL__pitch_mean_POS. New best score: 0.6978347367447025
Removing feature: Fugu__ALL__pitch_mean_NEG. New best score: 0.6990376607754233
Removing feature: Fugu__ALL__pitch_mean_NEU. New best score: 0.702183769778847
No improvement found. Stopping RFE.
Random seed 1, Fold 2
|   iter    |  target   |     C     |
-------------------------------------
| [39m1        [39m | [39m0.5978642[39m | [39m37.454074[39m |
| [39m2        [39m | [39m0.5964774[39m | [39m95.071435[39m |
| [35m3        [39m | [35m0.6025795[39m | [35m73.199420[39m |
| [39m4        [39m | [39m0.6006841[39m | [39m59.865888[39m |
| [35m5        [39m | [35m0.6101608[39m | [35m15.601948[39m |
| [39m6        [39m | [39m0.6097910[39m | [39m15.599536[39m |
| [35m7        [39m | [35m0.6214866[39m | [35m5.8084554[39m |
| [39m8        [39m | [39m0.6006379[39m | [39m86.617627[39m |
| [39m9        [39m | [39m0.5954604[39m | [39m60.111541[39m |
| [39m10       [39m | [39m0.5984190[39m | [39m70.807286[39m |
| [35m11       [39m | [35m0.6401627[39m | [35m2.0585473[39m |
| [39m12       [39m | [39m0.6021634[39m | [39m96.990988[39m |
| [39m13       [39m | [39m0.6030880[39m | [39m83.244280[39m |
| [39m14       [39m | [39m0.6105306[39m | [39m21.233989[39m |
| [39m15       [39m | [39m0.6109005[39m | [39m18.182578[39m |
| [39m16       [39m | [39m0.6396079[39m | [39m2.1214054[39m |
| [35m17       [39m | [35m0.6408099[39m | [35m1.8893875[39m |
| [35m18       [39m | [35m0.6430288[39m | [35m1.6257260[39m |
| [39m19       [39m | [39m0.6044286[39m | [39m33.889408[39m |
| [35m20       [39m | [35m0.6466346[39m | [35m1.3014148[39m |
| [39m21       [39m | [39m0.6099759[39m | [39m16.140532[39m |
| [35m22       [39m | [35m0.6491309[39m | [35m0.9734818[39m |
| [35m23       [39m | [35m0.6529215[39m | [35m0.5884163[39m |
| [35m24       [39m | [35m0.6613812[39m | [35m0.1700556[39m |
| [39m25       [39m | [39m0.4635262[39m | [39m0.0001   [39m |
| [39m26       [39m | [39m0.6613812[39m | [39m0.2423065[39m |
| [39m27       [39m | [39m0.6098835[39m | [39m28.155028[39m |
| [39m28       [39m | [39m0.6531989[39m | [39m0.4788276[39m |
| [39m29       [39m | [39m0.6488535[39m | [39m1.1193248[39m |
| [39m30       [39m | [39m0.6447855[39m | [39m1.4596276[39m |
=====================================
Removing feature: Fugu__ALL__pitch_min_POS. New best score: 0.6705343934911243
Removing feature: Fugu__ALL__pitch_kurtosis_POS. New best score: 0.6757119082840236
Removing feature: Fugu__ALL__energy_max_NEG. New best score: 0.6803346893491125
Removing feature: Fugu__ALL__pitch_min_NEG. New best score: 0.6844951923076923
Removing feature: Fugu__ALL__energy_stddev_NEG. New best score: 0.6876386834319527
Removing feature: Fugu__ALL__pitch_skewness_NEU. New best score: 0.6909670857988166
Removing feature: Fugu__ALL__pitch_skewness_NEG. New best score: 0.6942954881656804
Removing feature: Fugu__ALL__pitch_min_NEU. New best score: 0.6981786242603549
Removing feature: Fugu__ALL__pitch_mean_POS. New best score: 0.6997503698224852
Removing feature: Fugu__ALL__energy_min_NEG. New best score: 0.701876849112426
Removing feature: Fugu__ALL__energy_max_POS. New best score: 0.705944896449704
Removing feature: Fugu__ALL__pitch_max_NEG. New best score: 0.7081638313609466
Removing feature: Fugu__ALL__pitch_mean_NEG. New best score: 0.709735576923077
Removing feature: Fugu__ALL__pitch_max_NEU. New best score: 0.7118620562130178
Removing feature: Fugu__ALL__pitch_skewness_POS. New best score: 0.714173446745562
Removing feature: Fugu__ALL__pitch_stddev_NEG. New best score: 0.7154678254437871
Removing feature: Fugu__ALL__energy_skewness_NEG. New best score: 0.7163923816568047
Removing feature: Fugu__ALL__pitch_stddev_POS. New best score: 0.7172244822485208
Removing feature: Fugu__ALL__pitch_stddev_NEU. New best score: 0.7213849852071006
Removing feature: Fugu__ALL__pitch_kurtosis_NEU. New best score: 0.7228642751479291
Removing feature: Fugu__ALL__energy_stddev_POS. New best score: 0.7245284763313609
No improvement found. Stopping RFE.
Random seed 1, Fold 3
|   iter    |  target   |     C     |
-------------------------------------
| [39m1        [39m | [39m0.6341260[39m | [39m37.454074[39m |
| [39m2        [39m | [39m0.6257980[39m | [39m95.071435[39m |
| [39m3        [39m | [39m0.6285740[39m | [39m73.199420[39m |
| [39m4        [39m | [39m0.6261682[39m | [39m59.865888[39m |
| [35m5        [39m | [35m0.6399555[39m | [35m15.601948[39m |
| [35m6        [39m | [35m0.6407883[39m | [35m15.599536[39m |
| [35m7        [39m | [35m0.6484685[39m | [35m5.8084554[39m |
| [39m8        [39m | [39m0.6193208[39m | [39m86.617627[39m |
| [39m9        [39m | [39m0.6261682[39m | [39m60.111541[39m |
| [39m10       [39m | [39m0.6274636[39m | [39m70.807286[39m |
| [35m11       [39m | [35m0.6606828[39m | [35m2.0585473[39m |
| [39m12       [39m | [39m0.6282039[39m | [39m96.990988[39m |
| [39m13       [39m | [39m0.6255204[39m | [39m83.244280[39m |
| [39m14       [39m | [39m0.6336633[39m | [39m21.233989[39m |
| [39m15       [39m | [39m0.6381049[39m | [39m18.182578[39m |
| [35m16       [39m | [35m0.6607754[39m | [35m2.0320344[39m |
| [39m17       [39m | [39m0.6607754[39m | [39m1.9655291[39m |
| [39m18       [39m | [39m0.6604978[39m | [39m1.8675733[39m |
| [39m19       [39m | [39m0.6317201[39m | [39m33.889408[39m |
| [39m20       [39m | [39m0.6384750[39m | [39m15.449483[39m |
| [39m21       [39m | [39m0.6332932[39m | [39m55.669921[39m |
| [35m22       [39m | [35m0.6610530[39m | [35m1.7648608[39m |
| [35m23       [39m | [35m0.6617932[39m | [35m1.6473311[39m |
| [35m24       [39m | [35m0.6620708[39m | [35m1.5164914[39m |
| [35m25       [39m | [35m0.6636439[39m | [35m1.3724208[39m |
| [35m26       [39m | [35m0.6647543[39m | [35m1.2235201[39m |
| [39m27       [39m | [39m0.6306097[39m | [39m28.155028[39m |
| [35m28       [39m | [35m0.6660497[39m | [35m1.0674313[39m |
| [35m29       [39m | [35m0.6667900[39m | [35m0.9045019[39m |
| [35m30       [39m | [35m0.6668825[39m | [35m0.7315105[39m |
=====================================
Removing feature: Fugu__ALL__pitch_kurtosis_NEU. New best score: 0.6708614786712317
Removing feature: Fugu__ALL__pitch_kurtosis_NEG. New best score: 0.6736374572036643
Removing feature: Fugu__ALL__pitch_skewness_POS. New best score: 0.677893957620061
Removing feature: Fugu__ALL__pitch_max_NEG. New best score: 0.6810400666234848
Removing feature: Fugu__ALL__pitch_mean_NEG. New best score: 0.6825205885074489
Removing feature: Fugu__ALL__pitch_mean_POS. New best score: 0.684741371333395
Removing feature: Fugu__ALL__energy_max_NEU. New best score: 0.6872397520125846
Removing feature: Fugu__ALL__energy_mean_NEU. New best score: 0.6889978717497918
Removing feature: Fugu__ALL__pitch_min_NEG. New best score: 0.6913111871934857
Removing feature: Fugu__ALL__pitch_stddev_NEU. New best score: 0.6921439807532155
Removing feature: Fugu__ALL__pitch_min_POS. New best score: 0.6929767743129452
Removing feature: Fugu__ALL__pitch_max_POS. New best score: 0.6958452854631259
Removing feature: Fugu__ALL__energy_kurtosis_POS. New best score: 0.6959378180808736
Removing feature: Fugu__ALL__energy_min_NEU. New best score: 0.6960303506986212
No improvement found. Stopping RFE.
Random seed 1, Fold 4
|   iter    |  target   |     C     |
-------------------------------------
| [39m1        [39m | [39m0.5719304[39m | [39m37.454074[39m |
| [35m2        [39m | [35m0.5755362[39m | [35m95.071435[39m |
| [35m3        [39m | [35m0.5845044[39m | [35m73.199420[39m |
| [39m4        [39m | [39m0.5815458[39m | [39m59.865888[39m |
| [35m5        [39m | [35m0.5881102[39m | [35m15.601948[39m |
| [39m6        [39m | [39m0.5835798[39m | [39m15.599536[39m |
| [39m7        [39m | [39m0.5851053[39m | [39m5.8084554[39m |
| [39m8        [39m | [39m0.5810835[39m | [39m86.617627[39m |
| [39m9        [39m | [39m0.5831176[39m | [39m60.111541[39m |
| [39m10       [39m | [39m0.5759985[39m | [39m70.807286[39m |
| [35m11       [39m | [35m0.5883413[39m | [35m2.0585473[39m |
| [39m12       [39m | [39m0.5838572[39m | [39m96.990988[39m |
| [39m13       [39m | [39m0.5837647[39m | [39m83.244280[39m |
| [39m14       [39m | [39m0.5764607[39m | [39m21.233989[39m |
| [39m15       [39m | [39m0.5759985[39m | [39m18.182578[39m |
| [39m16       [39m | [39m0.5882951[39m | [39m15.604798[39m |
| [39m17       [39m | [39m0.5869545[39m | [39m2.0535288[39m |
| [39m18       [39m | [39m0.5873243[39m | [39m2.0647861[39m |
| [39m19       [39m | [39m0.5805288[39m | [39m33.889408[39m |
| [39m20       [39m | [39m0.5828402[39m | [39m50.206422[39m |
| [39m21       [39m | [39m0.5859837[39m | [39m55.669921[39m |
| [39m22       [39m | [39m0.5876017[39m | [39m2.0722275[39m |
| [39m23       [39m | [39m0.5876017[39m | [39m2.0794195[39m |
| [39m24       [39m | [39m0.5788646[39m | [39m47.756436[39m |
| [39m25       [39m | [39m0.5880639[39m | [39m2.0871739[39m |
| [39m26       [39m | [39m0.5876017[39m | [39m2.0948259[39m |
| [39m27       [39m | [39m0.5799741[39m | [39m28.155028[39m |
| [39m28       [39m | [39m0.5878790[39m | [39m2.1033867[39m |
| [39m29       [39m | [39m0.5877403[39m | [39m86.362084[39m |
| [39m30       [39m | [39m0.5849667[39m | [39m86.354112[39m |
=====================================
Removing feature: Fugu__ALL__pitch_min_NEG. New best score: 0.5951830621301775
Removing feature: Fugu__ALL__energy_max_NEG. New best score: 0.6031342455621301
Removing feature: Fugu__ALL__energy_stddev_NEG. New best score: 0.6074796597633136
Removing feature: Fugu__ALL__energy_mean_NEG. New best score: 0.6180196005917159
Removing feature: Fugu__ALL__pitch_kurtosis_NEG. New best score: 0.6251849112426036
Removing feature: Fugu__ALL__energy_kurtosis_NEG. New best score: 0.6322115384615384
Removing feature: Fugu__ALL__pitch_mean_POS. New best score: 0.6361871301775148
Removing feature: Fugu__ALL__pitch_skewness_NEG. New best score: 0.6396079881656805
Removing feature: Fugu__ALL__pitch_max_NEG. New best score: 0.6468195266272189
Removing feature: Fugu__ALL__pitch_stddev_NEU. New best score: 0.6514423076923077
Removing feature: Fugu__ALL__energy_max_NEU. New best score: 0.6543084319526628
Removing feature: Fugu__ALL__energy_mean_NEU. New best score: 0.6561575443786982
Removing feature: Fugu__ALL__energy_kurtosis_POS. New best score: 0.6590236686390533
Removing feature: Fugu__ALL__energy_skewness_NEU. New best score: 0.6612426035502958
Removing feature: Fugu__ALL__energy_stddev_POS. New best score: 0.6631841715976331
Removing feature: Fugu__ALL__pitch_max_NEU. New best score: 0.6661427514792899
Removing feature: Fugu__ALL__pitch_skewness_NEU. New best score: 0.6683616863905325
Removing feature: Fugu__ALL__energy_min_NEG. New best score: 0.6688239644970415
Removing feature: Fugu__ALL__energy_min_POS. New best score: 0.6697485207100592
Removing feature: Fugu__ALL__pitch_skewness_POS. New best score: 0.6707655325443787
Removing feature: Fugu__ALL__pitch_kurtosis_POS. New best score: 0.6717825443786982
Removing feature: Fugu__ALL__pitch_stddev_POS. New best score: 0.672707100591716
Removing feature: Fugu__ALL__pitch_min_NEU. New best score: 0.6747411242603549
Removing feature: Fugu__ALL__pitch_stddev_NEG. New best score: 0.6754807692307693
No improvement found. Stopping RFE.
Random seed 1, Fold 5
|   iter    |  target   |     C     |
-------------------------------------
| [39m1        [39m | [39m0.6808894[39m | [39m37.454074[39m |
| [39m2        [39m | [39m0.6808894[39m | [3Random seed 1, Fold 1
|   iter    |  target   | n_neig... |
-------------------------------------
| [39m1        [39m | [39m0.5615349[39m | [39m62.799119[39m |
| [39m2        [39m | [39m0.4248728[39m | [39m157.86786[39m |
| [39m3        [39m | [39m0.5134997[39m | [39m121.77900[39m |
| [35m4        [39m | [35m0.5636615[39m | [35m99.778649[39m |
| [35m5        [39m | [35m0.5893203[39m | [35m26.743075[39m |
| [39m6        [39m | [39m0.5893203[39m | [39m26.739095[39m |
| [35m7        [39m | [35m0.5901525[39m | [35m10.583796[39m |
| [39m8        [39m | [39m0.4122977[39m | [39m143.91906[39m |
| [39m9        [39m | [39m0.5642625[39m | [39m100.18397[39m |
| [39m10       [39m | [39m0.5402219[39m | [39m117.83197[39m |
| [35m11       [39m | [35m0.5993065[39m | [35m4.3964415[39m |
| [39m12       [39m | [39m0.4110494[39m | [39m161.03512[39m |
| [39m13       [39m | [39m0.4593619[39m | [39m138.35303[39m |
| [39m14       [39m | [39m0.5837725[39m | [39m36.035953[39m |
| [39m15       [39m | [39m0.5883495[39m | [39m31.001119[39m |
| [39m16       [39m | [39m0.5400832[39m | [39m78.904823[39m |
| [39m17       [39m | [39m0.5707813[39m | [39m49.969157[39m |
| [39m18       [39m | [39m0.5723994[39m | [39m1.0      [39m |
| [39m19       [39m | [39m0.5892279[39m | [39m19.196483[39m |
| [39m20       [39m | [39m0.5529819[39m | [39m109.27044[39m |
| [39m21       [39m | [39m0.5923717[39m | [39m43.123304[39m |
| [39m22       [39m | [39m0.5224687[39m | [39m70.201441[39m |
| [39m23       [39m | [39m0.5463245[39m | [39m88.257046[39m |
| [39m24       [39m | [39m0.5648636[39m | [39m6.9347263[39m |
| [39m25       [39m | [39m0.5829403[39m | [39m14.749434[39m |
| [39m26       [39m | [39m0.5598243[39m | [39m56.489714[39m |
| [39m27       [39m | [39m0.5679611[39m | [39m22.830753[39m |
| [39m28       [39m | [39m0.5757281[39m | [39m39.830440[39m |
| [39m29       [39m | [39m0.4891816[39m | [39m129.92609[39m |
| [39m30       [39m | [39m0.5450300[39m | [39m93.580660[39m |
=====================================
Removing feature: Fugu__ALL__pitch_min_NEG. New best score: 0.6420249653259362
Removing feature: Fugu__ALL__pitch_min_NEU. New best score: 0.6540453074433656
Removing feature: Fugu__ALL__pitch_kurtosis_POS. New best score: 0.6719371243643087
No improvement found. Stopping RFE.
Random seed 1, Fold 2
|   iter    |  target   | n_neig... |
-------------------------------------
| [39m1        [39m | [39m0.6428703[39m | [39m62.799119[39m |
| [39m2        [39m | [39m0.4711298[39m | [39m157.86786[39m |
| [39m3        [39m | [39m0.5571388[39m | [39m121.77900[39m |
| [39m4        [39m | [39m0.5942444[39m | [39m99.778649[39m |
| [35m5        [39m | [35m0.6574442[39m | [35m26.743075[39m |
| [39m6        [39m | [39m0.6574442[39m | [39m26.739095[39m |
| [39m7        [39m | [39m0.6203386[39m | [39m10.583796[39m |
| [39m8        [39m | [39m0.4621078[39m | [39m143.91906[39m |
| [39m9        [39m | [39m0.5983159[39m | [39m100.18397[39m |
| [39m10       [39m | [39m0.5841121[39m | [39m117.83197[39m |
| [39m11       [39m | [39m0.6050707[39m | [39m4.3964415[39m |
| [39m12       [39m | [39m0.4566484[39m | [39m161.03512[39m |
| [39m13       [39m | [39m0.4866753[39m | [39m138.35303[39m |
| [35m14       [39m | [35m0.6764134[39m | [35m36.035953[39m |
| [39m15       [39m | [39m0.6442120[39m | [39m31.001119[39m |
| [39m16       [39m | [39m0.6648931[39m | [39m48.334975[39m |
| [39m17       [39m | [39m0.6203849[39m | [39m75.576220[39m |
| [39m18       [39m | [39m0.6624410[39m | [39m41.919049[39m |
| [39m19       [39m | [39m0.6540205[39m | [39m19.592368[39m |
| [39m20       [39m | [39m0.6671601[39m | [39m55.200486[39m |
| [39m21       [39m | [39m0.5790228[39m | [39m108.78364[39m |
| [39m22       [39m | [39m0.6058573[39m | [39m83.976340[39m |
| [35m23       [39m | [35m0.6880725[39m | [35m38.370041[39m |
| [39m24       [39m | [39m0.6722494[39m | [39m51.840711[39m |
| [39m25       [39m | [39m0.6297769[39m | [39m68.837625[39m |
| [39m26       [39m | [39m0.6833996[39m | [39m37.829298[39m |
| [39m27       [39m | [39m0.6560562[39m | [39m23.103349[39m |
| [39m28       [39m | [39m0.6474044[39m | [39m15.443142[39m |
| [39m29       [39m | [39m0.6541130[39m | [39m58.739766[39m |
| [39m30       [39m | [39m0.6792356[39m | [39m39.658013[39m |
=====================================
Removing feature: Fugu__ALL__pitch_max_POS. New best score: 0.6891366706764134
Removing feature: Fugu__ALL__energy_min_NEG. New best score: 0.702600166558712
Removing feature: Fugu__ALL__energy_min_POS. New best score: 0.7034792264273158
No improvement found. Stopping RFE.
Random seed 1, Fold 3
|   iter    |  target   | n_neig... |
-------------------------------------
| [39m1        [39m | [39m0.6080906[39m | [39m62.799119[39m |
| [39m2        [39m | [39m0.4431807[39m | [39m157.86786[39m |
| [39m3        [39m | [39m0.5590383[39m | [39m121.77900[39m |
| [39m4        [39m | [39m0.6046232[39m | [39m99.778649[39m |
| [35m5        [39m | [35m0.6325011[39m | [35m26.743075[39m |
| [39m6        [39m | [39m0.6325011[39m | [39m26.739095[39m |
| [35m7        [39m | [35m0.6369856[39m | [35m10.583796[39m |
| [39m8        [39m | [39m0.4906611[39m | [39m143.91906[39m |
| [39m9        [39m | [39m0.6035598[39m | [39m100.18397[39m |
| [39m10       [39m | [39m0.5708737[39m | [39m117.83197[39m |
| [39m11       [39m | [39m0.6088765[39m | [39m4.3964415[39m |
| [39m12       [39m | [39m0.4411003[39m | [39m161.03512[39m |
| [39m13       [39m | [39m0.5049468[39m | [39m138.35303[39m |
| [35m14       [39m | [35m0.6410540[39m | [35m36.035953[39m |
| [39m15       [39m | [39m0.6362459[39m | [39m31.001119[39m |
| [39m16       [39m | [39m0.6040684[39m | [39m80.689863[39m |
| [39m17       [39m | [39m0.6208506[39m | [39m47.877113[39m |
| [39m18       [39m | [39m0.6380490[39m | [39m16.644402[39m |
| [35m19       [39m | [35m0.6428571[39m | [35m39.566620[39m |
| [39m20       [39m | [39m0.6409616[39m | [39m38.469813[39m |
| [39m21       [39m | [39m0.6076282[39m | [39m71.317735[39m |
| [39m22       [39m | [39m0.6423485[39m | [39m42.772214[39m |
| [39m23       [39m | [39m0.6063337[39m | [39m89.806238[39m |
| [35m24       [39m | [35m0.6470642[39m | [35m13.601325[39m |
| [39m25       [39m | [39m0.6460471[39m | [39m14.141189[39m |
| [35m26       [39m | [35m0.6608876[39m | [35m12.987976[39m |
| [39m27       [39m | [39m0.6405917[39m | [39m54.915524[39m |
| [39m28       [39m | [39m0.5873324[39m | [39m108.75255[39m |
| [39m29       [39m | [39m0.6399445[39m | [39m21.819569[39m |
| [39m30       [39m | [39m0.5077207[39m | [39m129.47654[39m |
=====================================
Removing feature: Fugu__ALL__pitch_max_POS. New best score: 0.6731391585760518
Removing feature: Fugu__ALL__energy_kurtosis_NEG. New best score: 0.6761442441054092
No improvement found. Stopping RFE.
Random seed 1, Fold 4
|   iter    |  target   | n_neig... |
-------------------------------------
| [39m1        [39m | [39m0.6492233[39m | [39m62.799119[39m |
| [39m2        [39m | [39m0.4571468[39m | [39m157.86786[39m |
| [39m3        [39m | [39m0.5892659[39m | [39m121.77900[39m |
| [39m4        [39m | [39m0.6214866[39m | [39m99.778649[39m |
| [39m5        [39m | [39m0.6478827[39m | [39m26.743075[39m |
| [39m6        [39m | [39m0.6478827[39m | [39m26.739095[39m |
| [39m7        [39m | [39m0.6398391[39m | [39m10.583796[39m |
| [39m8        [39m | [39m0.4799371[39m | [39m143.91906[39m |
| [39m9        [39m | [39m0.6203309[39m | [39m100.18397[39m |
| [39m10 Random seed 1, Fold 1
|   iter    |  target   | n_neig... |
-------------------------------------
| [39m1        [39m | [39m0.5785601[39m | [39m62.799119[39m |
| [39m2        [39m | [39m0.4560470[39m | [39m157.86786[39m |
| [39m3        [39m | [39m0.4456833[39m | [39m121.77900[39m |
| [39m4        [39m | [39m0.5354399[39m | [39m99.778649[39m |
| [35m5        [39m | [35m0.6083094[39m | [35m26.743075[39m |
| [39m6        [39m | [39m0.6083094[39m | [39m26.739095[39m |
| [39m7        [39m | [39m0.5835569[39m | [39m10.583796[39m |
| [39m8        [39m | [39m0.4246321[39m | [39m143.91906[39m |
| [39m9        [39m | [39m0.5223928[39m | [39m100.18397[39m |
| [39m10       [39m | [39m0.4708522[39m | [39m117.83197[39m |
| [39m11       [39m | [39m0.5520033[39m | [39m4.3964415[39m |
| [39m12       [39m | [39m0.4498010[39m | [39m161.03512[39m |
| [39m13       [39m | [39m0.4403164[39m | [39m138.35303[39m |
| [39m14       [39m | [39m0.6007680[39m | [39m36.035953[39m |
| [39m15       [39m | [39m0.5995188[39m | [39m31.001119[39m |
| [39m16       [39m | [39m0.5512168[39m | [39m90.822767[39m |
| [35m17       [39m | [35m0.6255667[39m | [35m18.889195[39m |
| [39m18       [39m | [39m0.6020634[39m | [39m48.077694[39m |
| [39m19       [39m | [39m0.5766632[39m | [39m73.606402[39m |
| [39m20       [39m | [39m0.6099750[39m | [39m54.923634[39m |
| [39m21       [39m | [39m0.6089571[39m | [39m42.119098[39m |
| [39m22       [39m | [39m0.5477468[39m | [39m80.803105[39m |
| [39m23       [39m | [39m0.6192745[39m | [39m22.233611[39m |
| [35m24       [39m | [35m0.6390302[39m | [35m15.403448[39m |
| [39m25       [39m | [39m0.5786989[39m | [39m68.344797[39m |
| [39m26       [39m | [39m0.6214953[39m | [39m16.571050[39m |
| [39m27       [39m | [39m0.5861941[39m | [39m58.396566[39m |
| [39m28       [39m | [39m0.5954473[39m | [39m51.595444[39m |
| [39m29       [39m | [39m0.5396039[39m | [39m95.254471[39m |
| [39m30       [39m | [39m0.6071527[39m | [39m13.516795[39m |
=====================================
No improvement found. Stopping RFE.
Random seed 1, Fold 2
|   iter    |  target   | n_neig... |
-------------------------------------
| [39m1        [39m | [39m0.5987888[39m | [39m62.799119[39m |
| [39m2        [39m | [39m0.4555288[39m | [39m157.86786[39m |
| [39m3        [39m | [39m0.5097540[39m | [39m121.77900[39m |
| [39m4        [39m | [39m0.5897281[39m | [39m99.778649[39m |
| [35m5        [39m | [35m0.6386834[39m | [35m26.743075[39m |
| [39m6        [39m | [39m0.6386834[39m | [39m26.739095[39m |
| [39m7        [39m | [39m0.5713757[39m | [39m10.583796[39m |
| [39m8        [39m | [39m0.4484559[39m | [39m143.91906[39m |
| [39m9        [39m | [39m0.5827477[39m | [39m100.18397[39m |
| [39m10       [39m | [39m0.5372596[39m | [39m117.83197[39m |
| [39m11       [39m | [39m0.5269045[39m | [39m4.3964415[39m |
| [39m12       [39m | [39m0.4493343[39m | [39m161.03512[39m |
| [39m13       [39m | [39m0.4572392[39m | [39m138.35303[39m |
| [39m14       [39m | [39m0.6108542[39m | [39m36.035953[39m |
| [39m15       [39m | [39m0.6168176[39m | [39m31.001119[39m |
| [39m16       [39m | [39m0.5808062[39m | [39m85.575075[39m |
| [39m17       [39m | [39m0.5925018[39m | [39m49.819130[39m |
| [39m18       [39m | [39m0.5998982[39m | [39m19.900556[39m |
| [39m19       [39m | [39m0.6096523[39m | [39m72.831228[39m |
| [39m20       [39m | [39m0.5922707[39m | [39m93.024877[39m |
| [39m21       [39m | [39m0.6223650[39m | [39m42.814304[39m |
| [39m22       [39m | [39m0.5961538[39m | [39m78.486746[39m |
| [39m23       [39m | [39m0.5935650[39m | [39m67.873275[39m |
| [39m24       [39m | [39m0.5989275[39m | [39m56.720730[39m |
| [39m25       [39m | [39m0.6229659[39m | [39m24.430717[39m |
| [39m26       [39m | [39m0.6011464[39m | [39m39.902712[39m |
| [39m27       [39m | [39m0.6161704[39m | [39m45.620893[39m |
| [39m28       [39m | [39m0.6311482[39m | [39m28.061876[39m |
| [39m29       [39m | [39m0.5966623[39m | [39m15.498995[39m |
| [39m30       [39m | [39m0.6386834[39m | [39m26.217164[39m |
=====================================
Removing feature: Fugu__ALL__energy_max_POS. New best score: 0.6495007396449703
Removing feature: Fugu__ALL__pitch_stddev_POS. New best score: 0.6598557692307692
No improvement found. Stopping RFE.
Random seed 1, Fold 3
|   iter    |  target   | n_neig... |
-------------------------------------
| [39m1        [39m | [39m0.6241787[39m | [39m62.799119[39m |
| [39m2        [39m | [39m0.4416119[39m | [39m157.86786[39m |
| [39m3        [39m | [39m0.5627371[39m | [39m121.77900[39m |
| [39m4        [39m | [39m0.6124271[39m | [39m99.778649[39m |
| [35m5        [39m | [35m0.6278338[39m | [35m26.743075[39m |
| [39m6        [39m | [39m0.6278338[39m | [39m26.739095[39m |
| [39m7        [39m | [39m0.5974831[39m | [39m10.583796[39m |
| [39m8        [39m | [39m0.4536411[39m | [39m143.91906[39m |
| [39m9        [39m | [39m0.6150643[39m | [39m100.18397[39m |
| [39m10       [39m | [39m0.5846673[39m | [39m117.83197[39m |
| [39m11       [39m | [39m0.5408531[39m | [39m4.3964415[39m |
| [39m12       [39m | [39m0.4589617[39m | [39m161.03512[39m |
| [39m13       [39m | [39m0.5181363[39m | [39m138.35303[39m |
| [35m14       [39m | [35m0.6337558[39m | [35m36.035953[39m |
| [35m15       [39m | [35m0.6409271[39m | [35m31.001119[39m |
| [39m16       [39m | [39m0.6188118[39m | [39m76.310017[39m |
| [39m17       [39m | [39m0.6261682[39m | [39m50.670169[39m |
| [39m18       [39m | [39m0.5946608[39m | [39m108.36078[39m |
| [39m19       [39m | [39m0.6180716[39m | [39m69.687870[39m |
| [39m20       [39m | [39m0.6363005[39m | [39m18.241687[39m |
| [39m21       [39m | [39m0.6263532[39m | [39m84.968215[39m |
| [39m22       [39m | [39m0.6188581[39m | [39m43.903712[39m |
| [39m23       [39m | [39m0.6293605[39m | [39m56.616243[39m |
| [39m24       [39m | [39m0.6222818[39m | [39m81.296508[39m |
| [39m25       [39m | [39m0.6366706[39m | [39m33.103843[39m |
| [39m26       [39m | [39m0.6267234[39m | [39m15.653324[39m |
| [39m27       [39m | [39m0.6252428[39m | [39m21.299898[39m |
| [39m28       [39m | [39m0.6222355[39m | [39m89.761821[39m |
| [39m29       [39m | [39m0.6356528[39m | [39m29.668263[39m |
| [39m30       [39m | [39m0.6269084[39m | [39m39.576131[39m |
=====================================
Removing feature: Fugu__ALL__pitch_stddev_NEG. New best score: 0.6518460257240677
Removing feature: Fugu__ALL__energy_skewness_NEG. New best score: 0.6539742759322661
Removing feature: Fugu__ALL__pitch_skewness_NEG. New best score: 0.6567039881558249
Removing feature: Fugu__ALL__energy_max_POS. New best score: 0.6593874340705098
No improvement found. Stopping RFE.
Random seed 1, Fold 4
|   iter    |  target   | n_neig... |
-------------------------------------
| [39m1        [39m | [39m0.5738720[39m | [39m62.799119[39m |
| [39m2        [39m | [39m0.4638036[39m | [39m157.86786[39m |
| [39m3        [39m | [39m0.5269045[39m | [39m121.77900[39m |
| [39m4        [39m | [39m0.5443786[39m | [39m99.778649[39m |
| [35m5        [39m | [35m0.5856139[39m | [35m26.743075[39m |
| [39m6        [39m | [39m0.5856139[39m | [39m26.739095[39m |
| [35m7        [39m | [35m0.5981878[39m | [35m10.583796[39m |
| [39m8        [39m | [39m0.4638960[39m | [39m143.91906[39m |
| [39m9        [39m | [39m0.5467363[39m | [39m100.18397[39m |
| [39m10       [39m | [39m0.5430380[39m | [39m117.83197[39m |
| [39m11       [39m | [39m0.5544563[39m | [39m4.3964415[39m |
| [39m12       [39m | [39m0.4546042[39m | [39m161.03512[39m |
| [39m13       [39m | [39m0.4639885[39m | [39m138.35303[39m |
| [35m14       [39m | [35m0.6030880[39m | [35m36.035953[39m |
| [39m15       [39m | [39m0.5929641[39m | [39m31.001119[39m |
| [39m16       [39m | [39m0.6011002[39m | [39m49.281848[39m |
| [39m17       [39m | [39m0.5888498[39m | [39m16.561372[39m |
| [35m18       [39m | [35m0.6051682[39m | [35m42.980933[39m |
| [39m19       [39m | [39m0.5253790[39m | [39m75.921510[39m |
| [35m20       [39m | [35m0.6135355[39m | [35m54.987715[39m |
| [39m21       [39m | [39m0.6023946[39m | [39m56.845491[39m |
| [39m22       [39m | [39m0.6092825[39m | [39m52.925899[39m |
| [39m23       [39m | [39m0.5290772[39m | [39m109.12865[39m |
| [35m24       [39m | [35m0.6163553[39m | [35m39.601772[39m |
| [39m25       [39m | [39m0.5448872[39m | [39m86.461472[39m |
| [35m26       [39m | [35m0.6211630[39m | [35m40.598067[39m |
| [39m27       [39m | [39m0.5791882[39m | [39m21.499573[39m |
| [39m28       [39m | [39m0.5612056[39m | [39m68.443791[39m |
| [39m29       [39m | [39m0.6167252[39m | [39m41.131720[39m |
| [39m30       [39m | [39m0.4810465[39m | [39m129.42555[39m |
=====================================
Removing feature: Fugu__ALL__pitch_stddev_NEU. New best score: 0.626201923076923
Removing feature: Fugu__ALL__energy_max_POS. New best score: 0.6277274408284024
Removing feature: Fugu__ALL__energy_stddev_NEG. New best score: 0.6357248520710059
Removing feature: Fugu__ALL__pitch_skewness_POS. New best score: 0.6428439349112426
Removing feature: Fugu__ALL__pitch_stddev_NEG. New best score: 0.6456638313609467
No improvement found. Stopping RFE.
Random seed 1, Fold 5
|   iter    |  target   | n_neig... |
-------------------------------------
| [39m1        [39m | [39m0.5966623[39m | [39m62.799119[39m |
| [39m2        [39m | [39m0.4356046[39m | [39m157.86786[39m |
| [39m3        [39m | [39m0.4866863[39m | [39m121.77900[39m |
| [39m4        [39m | [39m0.5946745[39m | [39m99.778649[39m |
| [35m5        [39m | [35m0.6228272[39m | [35m26.743075[39m |
| [39m6        [39m | [39m0.6228272[39m | [39m26.739095[39m |
| [35m7        [39m | [35m0.6300850[39m | [35m10.583796[39m |
| [39m8        [39m | [39m0.4160502[39m | [39m143.91906[39m |
| [39m9        [39m | [39m0.5960613[39m | [39m100.18397[39m |
| [39m10       [39m | [39m0.5119730[39m | [39m117.83197[39m |
| [39m11       [39m | [39m0.6251849[39m | [39m4.3964415[39m |
| [39m12       [39m | [39m0.4276997[39m | [39m161.03512[39m |
| [39m13       [39m | [39m0.4305658[39m | [39m138.35303[39m |
| [39m14       [39m | [39m0.6135355[39m | [39m36.035953[39m |
| [39m15       [39m | [39m0.6138590[39m | [39m31.001119[39m |
| [39m16       [39m | [39m0.6047522[39m | [39m50.320696[39m |
| [39m17       [39m | [39m0.6192215[39m | [39m18.225428[39m |
| [39m18       [39m | [39m0.6033653[39m | [39m77.263314[39m |
| [39m19       [39m | [39m0.5817307[39m | [39m1.0      [39m |
| [39m20       [39m | [39m0.5892659[39m | [39m85.703092[39m |
| [39m21       [39m | [39m0.6101608[39m | [39m43.310287[39m |
| [39m22       [39m | [39m0.6153846[39m | [39m7.5059598[39m |
| [39m23       [39m | [39m0.5750277[39m | [39m70.103635[39m |
| [39m24       [39m | [39m0.6039201[39m | [39m56.586469[39m |
| [39m25       [39m | [39m0.5451183[39m | [39m108.09189[39m |
| [39m26       [39m | [39m0.6032729[39m | [39m14.154312[39m |
| [39m27       [39m | [39m0.6094674[39m | [39m22.374049[39m |
| [39m28       [39m | [39m0.6082193[39m | [39m91.812360[39m |
| [39m29       [39m | [39m0.6102995[39m | [39m39.678191[39m |
| [39m30       [39m | [39m0.5979567[39m | [39m80.976021[39m |
=====================================
Removing feature: Fugu__ALL__pitch_min_POS. New best score: 0.6410872781065088
Removing feature: Fugu__ALL__energy_mean_NEU. New best score: 0.6445543639053254
Removing feature: Fugu__ALL__energy_kurtosis_POS. New best score: 0.6561113165680472
No improvement found. Stopping RFE.
| [39m1        [39m | [39m0.6136279[39m | [39m4.3708610[39m | [39m475.40643[39m | [39m0.7322619[39m |
| [35m2        [39m | [35m0.6452477[39m | [35m6.3879263[39m | [35m78.853301[39m | [35m0.1568385[39m |
| [39m3        [39m | [39m0.5459042[39m | [39m1.5227525[39m | [39m433.22189[39m | [39m0.6015138[39m |
| [39m4        [39m | [39m0.6203309[39m | [39m7.3726532[39m | [39m11.271662[39m | [39m0.9699399[39m |
| [39m5        [39m | [39m0.6433062[39m | [39m8.4919837[39m | [39m106.95721[39m | [39m0.1826431[39m |
| [39m6        [39m | [39m0.6017011[39m | [39m2.6506405[39m | [39m152.81687[39m | [39m0.5252316[39m |
| [39m7        [39m | [39m0.6339681[39m | [39m4.8875051[39m | [39m146.32334[39m | [39m0.6122410[39m |
| [39m8        [39m | [39m0.6046135[39m | [39m2.2554447[39m | [39m146.78017[39m | [39m0.3669954[39m |
| [39m9        [39m | [39m0.6432599[39m | [39m5.1046298[39m | [39m392.80280[39m | [39m0.2004741[39m |
| [39m10       [39m | [39m0.6431675[39m | [39m5.6281099[39m | [39m296.61486[39m | [39m0.0474039[39m |
| [35m11       [39m | [35m0.6545395[39m | [35m6.4679036[39m | [35m86.091537[39m | [35m0.0659865[39m |
| [39m12       [39m | [39m0.6133968[39m | [39m9.5399698[39m | [39m482.85038[39m | [39m0.8085889[39m |
| [39m13       [39m | [39m0.6305011[39m | [39m3.7415239[39m | [39m49.738384[39m | [39m0.6845487[39m |
| [39m14       [39m | [39m0.6109005[39m | [39m4.9613724[39m | [39m61.897079[39m | [39m0.4956817[39m |
| [39m15       [39m | [39m0.5645340[39m | [39m1.3094966[39m | [39m454.75088[39m | [39m0.2595212[39m |
| [39m16       [39m | [39m0.6301775[39m | [39m2.4297340[39m | [39m83.266587[39m | [39m0.8979315[39m |
| [35m17       [39m | [35m0.6629068[39m | [35m10.0     [39m | [35m83.116790[39m | [35m1.0      [39m |
| [39m18       [39m | [39m0.6415033[39m | [39m8.7179128[39m | [39m50.334857[39m | [39m0.4780862[39m |
| [39m19       [39m | [39m0.6516272[39m | [39m7.1843117[39m | [39m103.69353[39m | [39m0.2862845[39m |
| [39m20       [39m | [39m0.6581453[39m | [39m10.0     [39m | [39m138.31859[39m | [39m1.0      [39m |
| [35m21       [39m | [35m0.6634615[39m | [35m10.0     [39m | [35m94.135424[39m | [35m1.0      [39m |
| [39m22       [39m | [39m0.6014238[39m | [39m7.8098039[39m | [39m374.91136[39m | [39m0.9342827[39m |
| [39m23       [39m | [39m0.6431213[39m | [39m9.0007462[39m | [39m279.50991[39m | [39m0.0765441[39m |
| [39m24       [39m | [39m0.6166327[39m | [39m1.0      [39m | [39m263.18420[39m | [39m0.1540507[39m |
| [39m25       [39m | [39m0.5371209[39m | [39m10.0     [39m | [39m35.290580[39m | [39m0.001    [39m |
| [39m26       [39m | [39m0.6298539[39m | [39m9.8569264[39m | [39m312.56049[39m | [39m0.5850158[39m |
| [39m27       [39m | [39m0.6607340[39m | [39m10.0     [39m | [39m125.12754[39m | [39m1.0      [39m |
| [39m28       [39m | [39m0.4795673[39m | [39m1.0      [39m | [39m121.35469[39m | [39m0.001    [39m |
| [39m29       [39m | [39m0.6584689[39m | [39m10.0     [39m | [39m131.23622[39m | [39m1.0      [39m |
| [39m30       [39m | [39m0.5584781[39m | [39m1.0      [39m | [39m95.845441[39m | [39m1.0      [39m |
=============================================================
No improvement found. Stopping RFE.
Random seed 1, Fold 3
|   iter    |  target   | max_depth | n_esti... | learni... |
-------------------------------------------------------------
| [39m1        [39m | [39m0.5360414[39m | [39m4.3708610[39m | [39m475.40643[39m | [39m0.7322619[39m |
| [35m2        [39m | [35m0.5870269[39m | [35m6.3879263[39m | [35m78.853301[39m | [35m0.1568385[39m |
| [39m3        [39m | [39m0.5041639[39m | [39m1.5227525[39m | [39m433.22189[39m | [39m0.6015138[39m |
| [35m4        [39m | [35m0.6184880[39m | [35m7.3726532[39m | [35m11.271662[39m | [35m0.9699399[39m |
| [39m5        [39m | [39m0.5866567[39m | [39m8.4919837[39m | [39m106.95721[39m | [39m0.1826431[39m |
| [39m6        [39m | [39m0.5698158[39m | [39m2.6506405[39m | [39m152.81687[39m | [39m0.5252316[39m |
| [39m7        [39m | [39m0.5697233[39m | [39m4.8875051[39m | [39m146.32334[39m | [39m0.6122410[39m |
| [39m8        [39m | [39m0.5685204[39m | [39m2.2554447[39m | [39m146.78017[39m | [39m0.3669954[39m |
| [39m9        [39m | [39m0.5642639[39m | [39m5.1046298[39m | [39m392.80280[39m | [39m0.2004741[39m |
| [39m10       [39m | [39m0.5762006[39m | [39m5.6281099[39m | [39m296.61486[39m | [39m0.0474039[39m |
| [39m11       [39m | [39m0.5762931[39m | [39m6.4679036[39m | [39m86.091537[39m | [39m0.0659865[39m |
| [39m12       [39m | [39m0.5514944[39m | [39m9.5399698[39m | [39m482.85038[39m | [39m0.8085889[39m |
| [39m13       [39m | [39m0.5764782[39m | [39m3.7415239[39m | [39m49.738384[39m | [39m0.6845487[39m |
| [39m14       [39m | [39m0.5757379[39m | [39m4.9613724[39m | [39m61.897079[39m | [39m0.4956817[39m |
| [39m15       [39m | [39m0.5204959[39m | [39m1.3094966[39m | [39m454.75088[39m | [39m0.2595212[39m |
| [39m16       [39m | [39m0.4670121[39m | [39m1.0      [39m | [39m1.0      [39m | [39m0.001    [39m |
| [39m17       [39m | [39m0.5606088[39m | [39m10.0     [39m | [39m15.715252[39m | [39m1.0      [39m |
| [39m18       [39m | [39m0.5505690[39m | [39m9.8292920[39m | [39m8.7690648[39m | [39m1.0      [39m |
| [39m19       [39m | [39m0.5682428[39m | [39m6.9055694[39m | [39m11.895388[39m | [39m0.8475308[39m |
| [39m20       [39m | [39m0.5963727[39m | [39m7.7955616[39m | [39m11.309414[39m | [39m0.9602586[39m |
| [39m21       [39m | [39m0.5773110[39m | [39m7.2636843[39m | [39m10.728452[39m | [39m1.0      [39m |
| [39m22       [39m | [39m0.5888313[39m | [39m1.0030691[39m | [39m41.480911[39m | [39m0.6940261[39m |
| [39m23       [39m | [39m0.5480706[39m | [39m8.6764814[39m | [39m385.83251[39m | [39m0.6672752[39m |
| [39m24       [39m | [39m0.5877671[39m | [39m7.3724747[39m | [39m11.320455[39m | [39m0.9616522[39m |
| [39m25       [39m | [39m0.5649116[39m | [39m9.6845536[39m | [39m294.83637[39m | [39m0.9402810[39m |
| [39m26       [39m | [39m0.5894327[39m | [39m6.3818229[39m | [39m78.787787[39m | [39m0.1026006[39m |
| [39m27       [39m | [39m0.5894790[39m | [39m7.3899449[39m | [39m11.206179[39m | [39m0.9808763[39m |
| [39m28       [39m | [39m0.5939668[39m | [39m7.7080578[39m | [39m11.297419[39m | [39m0.9628309[39m |
| [39m29       [39m | [39m0.6063199[39m | [39m7.3080432[39m | [39m11.252916[39m | [39m0.9738304[39m |
| [39m30       [39m | [39m0.5748588[39m | [39m7.3553829[39m | [39m11.247347[39m | [39m0.8992188[39m |
=============================================================
Removing feature: Fugu__ALL__pitch_mean_NEU. New best score: 0.6249190339594707
Removing feature: Fugu__ALL__pitch_stddev_NEU. New best score: 0.6449060793929859
No improvement found. Stopping RFE.
Random seed 1, Fold 4
|   iter    |  target   | max_depth | n_esti... | learni... |
-------------------------------------------------------------
| [39m1        [39m | [39m0.5379068[39m | [39m4.3708610[39m | [39m475.40643[39m | [39m0.7322619[39m |
| [35m2        [39m | [35m0.5845044[39m | [35m6.3879263[39m | [35m78.853301[39m | [35m0.1568385[39m |
| [39m3        [39m | [39m0.4694896[39m | [39m1.5227525[39m | [39m433.22189[39m | [39m0.6015138[39m |
| [39m4        [39m | [39m0.5531157[39m | [39m7.3726532[39m | [39m11.271662[39m | [39m0.9699399[39m |
| [39m5        [39m | [39m0.5774778[39m | [39m8.4919837[39m | [39m106.95721[39m | [39m0.1826431[39m |
| [39m6        [39m | [39m0.5374445[39m | [39m2.6506405[39m | [39m152.81687[39m | [39m0.5252316[39m |
| [39m7        [39m | [39m0.5521449[39m | [39m4.8875051[39m | [39m146.32334[39m | [39m0.6122410[39m |
| [39m8        [39m | [39m0.5739644[39m | [39m2.2554447[39m | [39m146.78017[39m | [39m0.3669954[39m |
| [39m9        [39m | [39m0.5638406[39m | [39m5.1046298[39m | [39m392.80280[39m | [39m0.2004741[39m |
| [39m10       [39m | [39m0.5812684[39m | [39m5.6281099[39m | [39m296.61486[39m | [39m0.0474039[39m |
| [39m11       [39m | [39m0.5842270[39m | [39m6.4679036[39m | [39m86.091537[39m | [39m0.0659865[39m |
| [39m12       [39m | [39m0.5302329[39m | [39m9.5399698[39m | [39m482.85038[39m | [39m0.8085889[39m |
| [39m13       [39m | [39m0.5790495[39m | [39m3.7415239[39m | [39m49.738384[39m | [39m0.6845487[39m |
| [39m14       [39m | [39m0.5529770[39m | [39m4.9613724[39m | [39m61.897079[39m | [39m0.4956817[39m |
| [39m15       [39m | [39m0.4885817[39m | [39m1.3094966[39m | [39m454.75088[39m | [39m0.2595212[39m |
| [39m16       [39m | [39m0.5671227[39m | [39m2.5641129[39m | [39m97.124111[39m | [39m1.0      [39m |
| [39m17       [39m | [39m0.4755454[39m | [39m1.0      [39m | [39m135.60797[39m | [39m0.001    [39m |
| [39m18       [39m | [39m0.4989367[39m | [39m1.0      [39m | [39m82.634568[39m | [39m1.0      [39m |
| [35m19       [39m | [35m0.5917159[39m | [35m7.0924361[39m | [35m81.608396[39m | [35m0.0119240[39m |
| [39m20       [39m | [39m0.5134060[39m | [39m10.0     [39m | [39m84.247198[39m | [39m1.0      [39m |
| [39m21       [39m | [39m0.5081823[39m | [39m8.5522342[39m | [39m79.768760[39m | [39m0.001    [39m |
| [39m22       [39m | [39m0.5322670[39m | [39m1.0030691[39m | [39m41.480911[39m | [39m0.6940261[39m |
| [39m23       [39m | [39m0.5447022[39m | [39m8.6764814[39m | [39m385.83251[39m | [39m0.6672752[39m |
| [39m24       [39m | [39m0.5282451[39m | [39m7.8090652[39m | [39m179.84057[39m | [39m0.7324100[39m |
| [39m25       [39m | [39m0.5406342[39m | [39m9.6845536[39m | [39m294.83637[39m | [39m0.9402810[39m |
| [39m26       [39m | [39m0.5608820[39m | [39m5.5802621[39m | [39m296.65493[39m | [39m0.1629015[39m |
| [39m27       [39m | [39m0.5204326[39m | [39m8.5668650[39m | [39m385.75534[39m | [39m0.6446402[39m |
| [39m28       [39m | [39m0.5833025[39m | [39m6.4877028[39m | [39m79.032786[39m | [39m0.2854116[39m |
| [39m29       [39m | [39m0.5682322[39m | [39m6.1425939[39m | [39m79.018696[39m | [39m0.3258285[39m |
| [39m30       [39m | [39m0.5523761[39m | [39m5.6054506[39m | [39m437.74795[39m | [39m0.5240541[39m |
=============================================================
Removing feature: Fugu__ALL__energy_mean_POS. New best score: 0.614321375739645
Removing feature: Fugu__ALL__energy_skewness_POS. New best score: 0.6282359467455622
Removing feature: Fugu__ALL__energy_max_NEU. New best score: 0.6384060650887574
Removing feature: Fugu__ALL__energy_min_NEG. New best score: 0.6501479289940828
Removing feature: Fugu__ALL__pitch_skewness_NEU. New best score: 0.6602718195266272
Removing feature: Fugu__ALL__energy_skewness_NEG. New best score: 0.6656342455621302
Removing feature: Fugu__ALL__energy_kurtosis_NEG. New best score: 0.673492973372781
Removing feature: Fugu__ALL__energy_stddev_POS. New best score: 0.6803346893491125
Removing feature: Fugu__ALL__energy_min_NEU. New best score: 0.684217825443787
Removing feature: Fugu__ALL__energy_mean_NEU. New best score: 0.686298076923077
Removing feature: Fugu__ALL__energy_kurtosis_POS. New best score: 0.6901812130177516
Removing feature: Fugu__ALL__pitch_stddev_NEU. New best score: 0.6921227810650887
No improvement found. Stopping RFE.
Random seed 1, Fold 5
|   iter    |  target   | max_depth | n_esti... | learni... |
-------------------------------------------------------------
| [39m1        [39m | [39m0.5706823[39m | [39m4.3708610[39m | [39m475.40643[39m | [39m0.7322619[39m |
| [35m2        [39m | [35m0.5779400[39m | [35m6.3879263[39m | [35m78.853301[39m | [35m0.1568385[39m |
| [39m3        [39m | [39m0.5458579[39m | [39m1.5227525[39m | [39m433.22189[39m | [39m0.6015138[39m |
| [39m4        [39m | [39m0.5401257[39m | [39m7.3726532[39m | [39m11.271662[39m | [39m0.9699399[39m |
| [35m5        [39m | [35m0.5790033[39m | [35m8.4919837[39m | [35m106.95721[39m | [35m0.1826431[39m |
| [39m6        [39m | [39m0.5428531[39m | [39m2.6506405[39m | [39m152.81687[39m | [39m0.5252316[39m |
| [39m7        [39m | [39m0.5457193[39m | [39m4.8875051[39m | [39m146.32334[39m | [39m0.6122410[39m |
| [39m8        [39m | [39m0.5567677[39m | [39m2.2554447[39m | [39m146.78017[39m | [39m0.3669954[39m |
| [39m9        [39m | [39m0.5723002[39m | [39m5.1046298[39m | [39m392.80280[39m | [39m0.2004741[39m |
| [35m10       [39m | [35m0.5925480[39m | [35m5.6281099[39m | [35m296.61486[39m | [35m0.0474039[39m |
| [35m11       [39m | [35m0.5939349[39m | [35m6.4679036[39m | [35m86.091537[39m | [35m0.0659865[39m |
| [39m12       [39m | [39m0.5543639[39m | [39m9.5399698[39m | [39m482.85038[39m | [39m0.8085889[39m |
| [39m13       [39m | [39m0.5557507[39m | [39m3.7415239[39m | [39m49.738384[39m | [39m0.6845487[39m |
| [39m14       [39m | [39m0.5490014[39m | [39m4.9613724[39m | [39m61.897079[39m | [39m0.4956817[39m |
| [39m15       [39m | [39m0.5692492[39m | [39m1.3094966[39m | [39m454.75088[39m | [39m0.2595212[39m |
| [39m16       [39m | [39m0.5752588[39m | [39m7.4121738[39m | [39m92.746240[39m | [39m0.1820628[39m |
| [39m17       [39m | [39m0.5293084[39m | [39m1.0      [39m | [39m85.736387[39m | [39m1.0      [39m |
| [39m18       [39m | [39m0.4894600[39m | [39m7.2654879[39m | [39m87.331776[39m | [39m0.001    [39m |
| [39m19       [39m | [39m0.5571375[39m | [39m7.1843117[39m | [39m103.69353[39m | [39m0.2862845[39m |
| [39m20       [39m | [39m0.5686945[39m | [39m8.9996984[39m | [39m344.53878[39m | [39m0.6085307[39m |
| [39m21       [39m | [39m0.5496486[39m | [39m9.5183046[39m | [39m468.48091[39m | [39m0.9113517[39m |
| [35m22       [39m | [35m0.5982340[39m | [35m1.0030691[39m | [35m41.480911[39m | [35m0.6940261[39m |
| [39m23       [39m | [39m0.5566290[39m | [39m8.6764814[39m | [39m385.83251[39m | [39m0.6672752[39m |
| [39m24       [39m | [39m0.5924093[39m | [39m7.8090652[39m | [39m179.84057[39m | [39m0.7324100[39m |
| [39m25       [39m | [39m0.5369822[39m | [39m9.6845536[39m | [39m294.83637[39m | [39m0.9402810[39m |
| [39m26       [39m | [39m0.5817307[39m | [39m4.3508813[39m | [39m250.06454[39m | [39m0.0275921[39m |
| [39m27       [39m | [39m0.5486778[39m | [39m6.6016374[39m | [39m110.50688[39m | [39m0.7243775[39m |
| [39m28       [39m | [39m0.5624999[39m | [39m3.8271691[39m | [39m463.47985[39m | [39m0.7156557[39m |
| [39m29       [39m | [39m0.5688332[39m | [39m8.8792326[39m | [39m392.35058[39m | [39m0.1797847[39m |
| [39m30       [39m | [39m0.5467363[39m | [39m5.6054506[39m | [39m437.74795[39m | [39m0.5240541[39m |
=============================================================
Removing feature: Fugu__ALL__energy_mean_NEG. New best score: 0.6175573224852071
Removing feature: Fugu__ALL__energy_max_POS. New best score: 0.6284670857988165
Removing feature: Fugu__ALL__pitch_stddev_NEG. New best score: 0.6343380177514794
Removing feature: Fugu__ALL__energy_stddev_POS. New best score: 0.6375739644970414
Removing feature: Fugu__ALL__energy_kurtosis_NEG. New best score: 0.6463572485207101
Removing feature: Fugu__ALL__energy_stddev_NEU. New best score: 0.647235576923077
Removing feature: Fugu__ALL__pitch_skewness_POS. New best score: 0.6486224112426037
No improvement found. Stopping RFE.
Random seed 1, Fold 1
|   iter    |  target   | max_depth | n_esti... | min_sa... |
-------------------------------------------------------------
| [39m1        [39m | [39m0.5995650[39m | [39m4.3708610[39m | [39m475.40643[39m | [39m7.5879454| [39m10       [39m | [39m0.5979195[39m | [39m5.6281099[39m | [39m296.61486[39m | [39m1.4180537[39m |
| [39m11       [39m | [39m0.5868238[39m | [39m6.4679036[39m | [39m86.091537[39m | [39m1.5854643[39m |
| [39m12       [39m | [39m0.5872861[39m | [39m9.5399698[39m | [39m482.85038[39m | [39m8.2755761[39m |
| [39m13       [39m | [39m0.5976421[39m | [39m3.7415239[39m | [39m49.738384[39m | [39m7.1580972[39m |
| [39m14       [39m | [39m0.5750809[39m | [39m4.9613724[39m | [39m61.897079[39m | [39m5.4565921[39m |
| [39m15       [39m | [39m0.5710124[39m | [39m1.3094966[39m | [39m454.75088[39m | [39m3.3290198[39m |
| [39m16       [39m | [39m0.5919093[39m | [39m9.7262616[39m | [39m405.14664[39m | [39m1.3919192[39m |
| [39m17       [39m | [39m0.5745261[39m | [39m3.6492494[39m | [39m49.451763[39m | [39m7.1802238[39m |
| [39m18       [39m | [39m0.5858067[39m | [39m8.7179128[39m | [39m50.334857[39m | [39m5.2980746[39m |
| [39m19       [39m | [39m0.5983818[39m | [39m7.1843117[39m | [39m103.69353[39m | [39m3.5701310[39m |
| [39m20       [39m | [39m0.5934812[39m | [39m8.9996984[39m | [39m344.53878[39m | [39m6.4732500[39m |
| [39m21       [39m | [39m0.5920943[39m | [39m9.5183046[39m | [39m468.48091[39m | [39m9.2013671[39m |
| [39m22       [39m | [39m0.5847434[39m | [39m1.0030691[39m | [39m41.480911[39m | [39m7.2434789[39m |
| [39m23       [39m | [39m0.5905224[39m | [39m8.6764814[39m | [39m385.83251[39m | [39m7.0024797[39m |
| [39m24       [39m | [39m0.5885806[39m | [39m7.8090652[39m | [39m179.84057[39m | [39m7.5892797[39m |
| [39m25       [39m | [39m0.5895053[39m | [39m9.6845536[39m | [39m294.83637[39m | [39m9.4619911[39m |
| [39m26       [39m | [39m0.6055016[39m | [39m4.3508813[39m | [39m250.06454[39m | [39m1.2395687[39m |
| [39m27       [39m | [39m0.5897827[39m | [39m6.6016374[39m | [39m110.50688[39m | [39m7.5169150[39m |
| [39m28       [39m | [39m0.5975496[39m | [39m3.8271691[39m | [39m463.47985[39m | [39m7.4383401[39m |
| [39m29       [39m | [39m0.6055940[39m | [39m8.8792326[39m | [39m392.35058[39m | [39m2.6106731[39m |
| [39m30       [39m | [39m0.6022653[39m | [39m5.6054506[39m | [39m437.74795[39m | [39m5.7121992[39m |
=============================================================
Removing feature: Fugu__ALL__pitch_min_POS. New best score: 0.6225150254276467
Removing feature: Fugu__ALL__pitch_mean_POS. New best score: 0.6275080906148868
No improvement found. Stopping RFE.
Random seed 1, Fold 2
|   iter    |  target   | max_depth | n_esti... | min_sa... |
-------------------------------------------------------------
| [39m1        [39m | [39m0.6388914[39m | [39m4.3708610[39m | [39m475.40643[39m | [39m7.5879454[39m |
| [39m2        [39m | [39m0.6097436[39m | [39m6.3879263[39m | [39m78.853301[39m | [39m2.4039506[39m |
| [39m3        [39m | [39m0.6175164[39m | [39m1.5227525[39m | [39m433.22189[39m | [39m6.4100351[39m |
| [35m4        [39m | [35m0.6662811[39m | [35m7.3726532[39m | [35m11.271662[39m | [35m9.7291886[39m |
| [39m5        [39m | [39m0.6153881[39m | [39m8.4919837[39m | [39m106.95721[39m | [39m2.6364247[39m |
| [39m6        [39m | [39m0.6325992[39m | [39m2.6506405[39m | [39m152.81687[39m | [39m5.7228078[39m |
| [39m7        [39m | [39m0.6411122[39m | [39m4.8875051[39m | [39m146.32334[39m | [39m6.5066760[39m |
| [39m8        [39m | [39m0.6244563[39m | [39m2.2554447[39m | [39m146.78017[39m | [39m4.2972565[39m |
| [39m9        [39m | [39m0.6214953[39m | [39m5.1046298[39m | [39m392.80280[39m | [39m2.7970640[39m |
| [39m10       [39m | [39m0.6278800[39m | [39m5.6281099[39m | [39m296.61486[39m | [39m1.4180537[39m |
| [39m11       [39m | [39m0.6220505[39m | [39m6.4679036[39m | [39m86.091537[39m | [39m1.5854643[39m |
| [39m12       [39m | [39m0.6428703[39m | [39m9.5399698[39m | [39m482.85038[39m | [39m8.2755761[39m |
| [39m13       [39m | [39m0.6276024[39m | [39m3.7415239[39m | [39m49.738384[39m | [39m7.1580972[39m |
| [39m14       [39m | [39m0.6437031[39m | [39m4.9613724[39m | [39m61.897079[39m | [39m5.4565921[39m |
| [39m15       [39m | [39m0.6157583[39m | [39m1.3094966[39m | [39m454.75088[39m | [39m3.3290198[39m |
| [39m16       [39m | [39m0.6206625[39m | [39m9.7262616[39m | [39m405.14664[39m | [39m1.3919192[39m |
| [39m17       [39m | [39m0.6394466[39m | [39m5.1474429[39m | [39m61.607403[39m | [39m5.4453869[39m |
| [39m18       [39m | [39m0.6235310[39m | [39m7.1552241[39m | [39m12.115583[39m | [39m10.0     [39m |
| [39m19       [39m | [39m0.6265846[39m | [39m7.1843117[39m | [39m103.69353[39m | [39m3.5701310[39m |
| [39m20       [39m | [39m0.6348200[39m | [39m8.9996984[39m | [39m344.53878[39m | [39m6.4732500[39m |
| [39m21       [39m | [39m0.6275099[39m | [39m4.7217963[39m | [39m62.065667[39m | [39m5.3617620[39m |
| [39m22       [39m | [39m0.6152956[39m | [39m1.0030691[39m | [39m41.480911[39m | [39m7.2434789[39m |
| [39m23       [39m | [39m0.6366706[39m | [39m8.6764814[39m | [39m385.83251[39m | [39m7.0024797[39m |
| [39m24       [39m | [39m0.6433330[39m | [39m7.3699815[39m | [39m11.626014[39m | [39m9.1885747[39m |
| [39m25       [39m | [39m0.6393541[39m | [39m9.6845536[39m | [39m294.83637[39m | [39m9.4619911[39m |
| [39m26       [39m | [39m0.6303784[39m | [39m4.3508813[39m | [39m250.06454[39m | [39m1.2395687[39m |
| [39m27       [39m | [39m0.6425002[39m | [39m6.6016374[39m | [39m110.50688[39m | [39m7.5169150[39m |
| [39m28       [39m | [39m0.6372258[39m | [39m3.8271691[39m | [39m463.47985[39m | [39m7.4383401[39m |
| [39m29       [39m | [39m0.6304709[39m | [39m8.8792326[39m | [39m392.35058[39m | [39m2.6106731[39m |
| [39m30       [39m | [39m0.6335245[39m | [39m5.6054506[39m | [39m437.74795[39m | [39m5.7121992[39m |
=============================================================
Removing feature: Fugu__ALL__pitch_skewness_NEU. New best score: 0.6518460257240677
No improvement found. Stopping RFE.
Random seed 1, Fold 3
|   iter    |  target   | max_depth | n_esti... | min_sa... |
-------------------------------------------------------------
| [39m1        [39m | [39m0.6665279[39m | [39m4.3708610[39m | [39m475.40643[39m | [39m7.5879454[39m |
| [39m2        [39m | [39m0.6590383[39m | [39m6.3879263[39m | [39m78.853301[39m | [39m2.4039506[39m |
| [39m3        [39m | [39m0.6269533[39m | [39m1.5227525[39m | [39m433.22189[39m | [39m6.4100351[39m |
| [39m4        [39m | [39m0.6176144[39m | [39m7.3726532[39m | [39m11.271662[39m | [39m9.7291886[39m |
| [39m5        [39m | [39m0.6434119[39m | [39m8.4919837[39m | [39m106.95721[39m | [39m2.6364247[39m |
| [39m6        [39m | [39m0.6499768[39m | [39m2.6506405[39m | [39m152.81687[39m | [39m5.7228078[39m |
| [39m7        [39m | [39m0.6604253[39m | [39m4.8875051[39m | [39m146.32334[39m | [39m6.5066760[39m |
| [39m8        [39m | [39m0.6453536[39m | [39m2.2554447[39m | [39m146.78017[39m | [39m4.2972565[39m |
| [39m9        [39m | [39m0.6539528[39m | [39m5.1046298[39m | [39m392.80280[39m | [39m2.7970640[39m |
| [39m10       [39m | [39m0.6574664[39m | [39m5.6281099[39m | [39m296.61486[39m | [39m1.4180537[39m |
| [39m11       [39m | [39m0.6611650[39m | [39m6.4679036[39m | [39m86.091537[39m | [39m1.5854643[39m |
| [39m12       [39m | [39m0.6590383[39m | [39m9.5399698[39m | [39m482.85038[39m | | [35m4        [39m | [35m0.6350976[39m | [35m7.3726532[39m | [35m11.271662[39m | [35m9.7291886[39m |
| [39m5        [39m | [39m0.6147867[39m | [39m8.4919837[39m | [39m106.95721[39m | [39m2.6364247[39m |
| [39m6        [39m | [39m0.6308873[39m | [39m2.6506405[39m | [39m152.81687[39m | [39m5.7228078[39m |
| [39m7        [39m | [39m0.6280188[39m | [39m4.8875051[39m | [39m146.32334[39m | [39m6.5066760[39m |
| [39m8        [39m | [39m0.6345886[39m | [39m2.2554447[39m | [39m146.78017[39m | [39m4.2972565[39m |
| [39m9        [39m | [39m0.6252428[39m | [39m5.1046298[39m | [39m392.80280[39m | [39m2.7970640[39m |
| [39m10       [39m | [39m0.6145091[39m | [39m5.6281099[39m | [39m296.61486[39m | [39m1.4180537[39m |
| [39m11       [39m | [39m0.6275562[39m | [39m6.4679036[39m | [39m86.091537[39m | [39m1.5854643[39m |
| [39m12       [39m | [39m0.6231146[39m | [39m9.5399698[39m | [39m482.85038[39m | [39m8.2755761[39m |
| [39m13       [39m | [39m0.5936892[39m | [39m3.7415239[39m | [39m49.738384[39m | [39m7.1580972[39m |
| [39m14       [39m | [39m0.62